<?xml version="1.0" encoding="UTF-8"?>
<testng-results ignored="0" total="1" passed="1" failed="0" skipped="0">
  <reporter-output>
  </reporter-output>
  <suite started-at="2022-02-26T19:25:18 IST" name="Default suite" finished-at="2022-02-26T19:26:17 IST" duration-ms="58376">
    <groups>
    </groups>
    <test started-at="2022-02-26T19:25:18 IST" name="Default test" finished-at="2022-02-26T19:26:17 IST" duration-ms="58376">
      <class name="MvanPckage.MvnClass">
        <test-method signature="openiur()[pri:0, instance:MvanPckage.MvnClass@3972a855]" started-at="2022-02-26T19:25:18 IST" name="openiur" finished-at="2022-02-26T19:26:17 IST" duration-ms="58308" status="PASS">
          <reporter-output>
          </reporter-output>
        </test-method> <!-- openiur -->
      </class> <!-- MvanPckage.MvnClass -->
    </test> <!-- Default test -->
  </suite> <!-- Default suite -->
</testng-results>
